<?xml version="1.0" encoding="UTF-8"?>
<!-- Generated by org.testng.reporters.JUnitReportReporter -->
<testsuite skipped="0" hostname="Acer" name="firstTestNGpackage.secondTestNGClass" tests="1" failures="0" timestamp="25 Apr 2018 16:55:00 GMT" time="0.034" errors="0">
  <testcase name="verifyHomePageTitle" time="0.034" classname="firstTestNGpackage.secondTestNGClass"/>
</testsuite> <!-- firstTestNGpackage.secondTestNGClass -->
