<?xml version="1.0" encoding="UTF-8"?>
<!-- Generated by org.testng.reporters.JUnitReportReporter -->
<testsuite skipped="0" hostname="Acer" name="firstTestNGpackage.FirstTestNGFIle" tests="1" failures="0" timestamp="25 Apr 2018 16:09:56 GMT" time="60.036" errors="0">
  <testcase name="f" time="60.036" classname="firstTestNGpackage.FirstTestNGFIle"/>
</testsuite> <!-- firstTestNGpackage.FirstTestNGFIle -->
